# JRE version: Java(TM) SE Runtime Environment (21.0.6+8) (build 21.0.6+8-LTS-188)
# Java VM: Java HotSpot(TM) 64-Bit Server VM (21.0.6+8-LTS-188, mixed mode, emulated-client, sharing, tiered, compressed oops, compressed class ptrs, g1 gc, windows-amd64)
GC Precious Log:
 CardTable entry size: 512
 Card Set container configuration: InlinePtr #cards 5 size 8 Array Of Cards #cards 12 size 40 Howl #buckets 4 coarsen threshold 1843 Howl Bitmap #cards 512 size 80 coarsen threshold 460 Card regions per heap region 1 cards per card region 2048
 CPUs: 4 total, 4 available
 Memory: 8107M
 Large Page Support: Disabled
 NUMA Support: Disabled
 Compressed Oops: Enabled (32-bit)
 Heap Region Size: 1M
 Heap Min Capacity: 8M
 Heap Initial Capacity: 128M
 Heap Max Capacity: 2028M
 Pre-touch: Disabled
 Parallel Workers: 4
 Concurrent Workers: 1
 Concurrent Refinement Workers: 4
 Periodic GC: Disabled
Heap:
 garbage-first heap   total 245760K, used 169472K [0x0000000081400000, 0x0000000100000000)
  region size 1024K, 6 young (6144K), 6 survivors (6144K)
 Metaspace       used 81335K, committed 82176K, reserved 1179648K
  class space    used 11807K, committed 12160K, reserved 1048576K
GC Heap History (20 events):
Event: 15.181 GC heap after
{Heap after GC invocations=17 (full 0):
 garbage-first heap   total 110592K, used 48050K [0x0000000081400000, 0x0000000100000000)
  region size 1024K, 5 young (5120K), 5 survivors (5120K)
 Metaspace       used 71316K, committed 72128K, reserved 1114112K
  class space    used 10057K, committed 10432K, reserved 1048576K
}
Event: 16.598 GC heap before
{Heap before GC invocations=17 (full 0):
 garbage-first heap   total 110592K, used 98226K [0x0000000081400000, 0x0000000100000000)
  region size 1024K, 54 young (55296K), 5 survivors (5120K)
 Metaspace       used 78467K, committed 79296K, reserved 1179648K
  class space    used 11077K, committed 11456K, reserved 1048576K
}
Event: 16.612 GC heap after
{Heap after GC invocations=18 (full 0):
 garbage-first heap   total 110592K, used 50084K [0x0000000081400000, 0x0000000100000000)
  region size 1024K, 5 young (5120K), 5 survivors (5120K)
 Metaspace       used 78467K, committed 79296K, reserved 1179648K
  class space    used 11077K, committed 11456K, reserved 1048576K
}
Event: 17.153 GC heap before
{Heap before GC invocations=18 (full 0):
 garbage-first heap   total 110592K, used 99236K [0x0000000081400000, 0x0000000100000000)
  region size 1024K, 53 young (54272K), 5 survivors (5120K)
 Metaspace       used 79918K, committed 80768K, reserved 1179648K
  class space    used 11429K, committed 11840K, reserved 1048576K
}
Event: 17.185 GC heap after
{Heap after GC invocations=19 (full 0):
 garbage-first heap   total 118784K, used 63765K [0x0000000081400000, 0x0000000100000000)
  region size 1024K, 7 young (7168K), 7 survivors (7168K)
 Metaspace       used 79918K, committed 80768K, reserved 1179648K
  class space    used 11429K, committed 11840K, reserved 1048576K
}
Event: 17.248 GC heap before
{Heap before GC invocations=19 (full 0):
 garbage-first heap   total 118784K, used 80149K [0x0000000081400000, 0x0000000100000000)
  region size 1024K, 24 young (24576K), 7 survivors (7168K)
 Metaspace       used 79918K, committed 80768K, reserved 1179648K
  class space    used 11429K, committed 11840K, reserved 1048576K
}
Event: 17.272 GC heap after
{Heap after GC invocations=20 (full 0):
 garbage-first heap   total 118784K, used 70656K [0x0000000081400000, 0x0000000100000000)
  region size 1024K, 6 young (6144K), 6 survivors (6144K)
 Metaspace       used 79918K, committed 80768K, reserved 1179648K
  class space    used 11429K, committed 11840K, reserved 1048576K
}
Event: 17.454 GC heap before
{Heap before GC invocations=20 (full 0):
 garbage-first heap   total 162816K, used 99328K [0x0000000081400000, 0x0000000100000000)
  region size 1024K, 33 young (33792K), 6 survivors (6144K)
 Metaspace       used 79918K, committed 80768K, reserved 1179648K
  class space    used 11429K, committed 11840K, reserved 1048576K
}
Event: 17.484 GC heap after
{Heap after GC invocations=21 (full 0):
 garbage-first heap   total 215040K, used 80896K [0x0000000081400000, 0x0000000100000000)
  region size 1024K, 5 young (5120K), 5 survivors (5120K)
 Metaspace       used 79918K, committed 80768K, reserved 1179648K
  class space    used 11429K, committed 11840K, reserved 1048576K
}
Event: 17.935 GC heap before
{Heap before GC invocations=22 (full 0):
 garbage-first heap   total 215040K, used 160768K [0x0000000081400000, 0x0000000100000000)
  region size 1024K, 83 young (84992K), 5 survivors (5120K)
 Metaspace       used 79919K, committed 80768K, reserved 1179648K
  class space    used 11431K, committed 11840K, reserved 1048576K
}
Event: 17.951 GC heap after
{Heap after GC invocations=23 (full 0):
 garbage-first heap   total 215040K, used 82449K [0x0000000081400000, 0x0000000100000000)
  region size 1024K, 7 young (7168K), 7 survivors (7168K)
 Metaspace       used 79919K, committed 80768K, reserved 1179648K
  class space    used 11431K, committed 11840K, reserved 1048576K
}
Event: 18.585 GC heap before
{Heap before GC invocations=23 (full 0):
 garbage-first heap   total 215040K, used 183825K [0x0000000081400000, 0x0000000100000000)
  region size 1024K, 105 young (107520K), 7 survivors (7168K)
 Metaspace       used 81335K, committed 82176K, reserved 1179648K
  class space    used 11807K, committed 12160K, reserved 1048576K
}
Event: 18.648 GC heap after
{Heap after GC invocations=24 (full 0):
 garbage-first heap   total 222208K, used 112581K [0x0000000081400000, 0x0000000100000000)
  region size 1024K, 14 young (14336K), 14 survivors (14336K)
 Metaspace       used 81335K, committed 82176K, reserved 1179648K
  class space    used 11807K, committed 12160K, reserved 1048576K
}
Event: 18.727 GC heap before
{Heap before GC invocations=24 (full 0):
 garbage-first heap   total 222208K, used 134085K [0x0000000081400000, 0x0000000100000000)
  region size 1024K, 36 young (36864K), 14 survivors (14336K)
 Metaspace       used 81335K, committed 82176K, reserved 1179648K
  class space    used 11807K, committed 12160K, reserved 1048576K
}
Event: 18.771 GC heap after
{Heap after GC invocations=25 (full 0):
 garbage-first heap   total 222208K, used 123392K [0x0000000081400000, 0x0000000100000000)
  region size 1024K, 10 young (10240K), 10 survivors (10240K)
 Metaspace       used 81335K, committed 82176K, reserved 1179648K
  class space    used 11807K, committed 12160K, reserved 1048576K
}
Event: 19.059 GC heap before
{Heap before GC invocations=25 (full 0):
 garbage-first heap   total 222208K, used 178688K [0x0000000081400000, 0x0000000100000000)
  region size 1024K, 61 young (62464K), 10 survivors (10240K)
 Metaspace       used 81335K, committed 82176K, reserved 1179648K
  class space    used 11807K, committed 12160K, reserved 1048576K
}
Event: 19.107 GC heap after
{Heap after GC invocations=26 (full 0):
 garbage-first heap   total 222208K, used 145920K [0x0000000081400000, 0x0000000100000000)
  region size 1024K, 8 young (8192K), 8 survivors (8192K)
 Metaspace       used 81335K, committed 82176K, reserved 1179648K
  class space    used 11807K, committed 12160K, reserved 1048576K
}
Event: 19.318 GC heap before
{Heap before GC invocations=27 (full 0):
 garbage-first heap   total 245760K, used 182784K [0x0000000081400000, 0x0000000100000000)
  region size 1024K, 46 young (47104K), 8 survivors (8192K)
 Metaspace       used 81335K, committed 82176K, reserved 1179648K
  class space    used 11807K, committed 12160K, reserved 1048576K
}
Event: 19.361 GC heap after
{Heap after GC invocations=28 (full 0):
 garbage-first heap   total 245760K, used 160256K [0x0000000081400000, 0x0000000100000000)
  region size 1024K, 6 young (6144K), 6 survivors (6144K)
 Metaspace       used 81335K, committed 82176K, reserved 1179648K
  class space    used 11807K, committed 12160K, reserved 1048576K
}
Event: 19.573 GC heap before
{Heap before GC invocations=28 (full 0):
 garbage-first heap   total 245760K, used 203264K [0x0000000081400000, 0x0000000100000000)
  region size 1024K, 48 young (49152K), 6 survivors (6144K)
 Metaspace       used 81335K, committed 82176K, reserved 1179648K
  class space    used 11807K, committed 12160K, reserved 1048576K
}

